<?xml version="1.0" encoding="UTF-8"?>
<!-- Generated by org.testng.reporters.JUnitReportReporter -->
<testsuite skipped="0" hostname="HC-UT31050N" name="com.auto.testcases.TestCaseWithoutFramework" tests="1" failures="0" timestamp="14 Mar 2019 12:07:04 GMT" time="11.401" errors="0">
  <testcase name="Test1" time="11.401" classname="com.auto.testcases.TestCaseWithoutFramework"/>
</testsuite> <!-- com.auto.testcases.TestCaseWithoutFramework -->
